Added Component: Designator=*(JACK 5.5MM)
Added Component: Designator=C1(CP1.5/3.4)
Add component (AddParameter): Name = "Description 1"; Value = "2200uF-3300uF/6,3V - 1000uF-2200uF/10V"; VariantName = "[No Variations]"
Add component (AddParameter): Name = "Description 2"; Value = "1000uF/16V - 470uF => 1000uF/25V - 100uF/100V"; VariantName = "[No Variations]"
Add component (AddParameter): Name = "Description 3"; Value = "330uF>470uF/35V_220uF>470uF/50V_10uF>22uF/250V"; VariantName = "[No Variations]"
Add component (AddParameter): Name = "Description 4"; Value = "220uF => 330uF/63V - 10uF =>33uF/160 - 200V"; VariantName = "[No Variations]"
Add component (AddParameter): Name = "Description 5"; Value = "4,7uF>10uF/250V_3,3uF>10uF/400V - 2,2uF>4,7uF/450V"; VariantName = "[No Variations]"
Add component (AddParameter): Name = "Value"; Value = "1000uF/16V"; VariantName = "[No Variations]"
Added Component: Designator=C2(CP1.5/3.4)
Add component (AddParameter): Name = "Description 1"; Value = "2200uF-3300uF/6,3V - 1000uF-2200uF/10V"; VariantName = "[No Variations]"
Add component (AddParameter): Name = "Description 2"; Value = "1000uF/16V - 470uF => 1000uF/25V - 100uF/100V"; VariantName = "[No Variations]"
Add component (AddParameter): Name = "Description 3"; Value = "330uF>470uF/35V_220uF>470uF/50V_10uF>22uF/250V"; VariantName = "[No Variations]"
Add component (AddParameter): Name = "Description 4"; Value = "220uF => 330uF/63V - 10uF =>33uF/160 - 200V"; VariantName = "[No Variations]"
Add component (AddParameter): Name = "Description 5"; Value = "4,7uF>10uF/250V_3,3uF>10uF/400V - 2,2uF>4,7uF/450V"; VariantName = "[No Variations]"
Add component (AddParameter): Name = "Value"; Value = "1000uF/16V"; VariantName = "[No Variations]"
Added Component: Designator=HD?(HED2)
Add component (AddParameter): Name = "Value"; Value = "Header 2"; VariantName = "[No Variations]"
Added Component: Designator=IC1(QTO-220)
Add component (AddParameter): Name = "Value"; Value = "LM7805"; VariantName = "[No Variations]"
Added Component: Designator=LCD(LCD1602)
Added Component: Designator=LED1(LED-3)
Add component (AddParameter): Name = "Value"; Value = "LED 3 ly Single Colour"; VariantName = "[No Variations]"
Added Component: Designator=R1(R1/4W)
Add component (AddParameter): Name = "Value"; Value = "R1/4W - 1K"; VariantName = "[No Variations]"
Added Component: Designator=R2(R1/4W)
Add component (AddParameter): Name = "Value"; Value = "R1/4W - 1K"; VariantName = "[No Variations]"
Added Component: Designator=R4(R1/4W)
Add component (AddParameter): Name = "Value"; Value = "R1/4W - 1K"; VariantName = "[No Variations]"
Added Component: Designator=STM32(STM32F103C6)
Added Component: Designator=SW1(SW2)
Add component (AddParameter): Name = "Value"; Value = "SW chip 2 pin"; VariantName = "[No Variations]"
Added Component: Designator=SW2(SW2)
Add component (AddParameter): Name = "Value"; Value = "SW chip 2 pin"; VariantName = "[No Variations]"
Added Component: Designator=U1(TB6612)
Added Component: Designator=U2(MODULE PRESS)
Added Pin To Net: NetName=3V3 Pin=R1-2
Added Pin To Net: NetName=3V3 Pin=R2-2
Added Pin To Net: NetName=3V3 Pin=STM32-3
Added Pin To Net: NetName=3V3 Pin=U1-2
Added Pin To Net: NetName=3V3 Pin=U1-13
Added Pin To Net: NetName=3V3 Pin=U2-4
Added Net: Name=3V3
Added Pin To Net: NetName=5V Pin=C2-1
Added Pin To Net: NetName=5V Pin=IC1-3
Added Pin To Net: NetName=5V Pin=LCD-2
Added Pin To Net: NetName=5V Pin=R4-2
Added Pin To Net: NetName=5V Pin=STM32-23
Added Net: Name=5V
Added Pin To Net: NetName=A0 Pin=STM32-16
Added Pin To Net: NetName=A0 Pin=U2-2
Added Net: Name=A0
Added Pin To Net: NetName=A1 Pin=STM32-15
Added Pin To Net: NetName=A1 Pin=U2-3
Added Net: Name=A1
Added Pin To Net: NetName=A5 Pin=R1-1
Added Pin To Net: NetName=A5 Pin=SW1-2
Added Net: Name=A5
Added Pin To Net: NetName=A6 Pin=R2-1
Added Pin To Net: NetName=A6 Pin=SW2-2
Added Net: Name=A6
Added Pin To Net: NetName=A10 Pin=STM32-34
Added Pin To Net: NetName=A10 Pin=U1-16
Added Net: Name=A10
Added Pin To Net: NetName=B8 Pin=STM32-25
Added Pin To Net: NetName=B8 Pin=U1-14
Added Net: Name=B8
Added Pin To Net: NetName=B9 Pin=STM32-24
Added Pin To Net: NetName=B9 Pin=U1-15
Added Net: Name=B9
Added Pin To Net: NetName=GND Pin=*-2
Added Pin To Net: NetName=GND Pin=*-3
Added Pin To Net: NetName=GND Pin=C1-2
Added Pin To Net: NetName=GND Pin=C2-2
Added Pin To Net: NetName=GND Pin=IC1-2
Added Pin To Net: NetName=GND Pin=LCD-1
Added Pin To Net: NetName=GND Pin=LED1-2
Added Pin To Net: NetName=GND Pin=STM32-1
Added Pin To Net: NetName=GND Pin=STM32-2
Added Pin To Net: NetName=GND Pin=SW1-1
Added Pin To Net: NetName=GND Pin=SW2-1
Added Pin To Net: NetName=GND Pin=U1-3
Added Pin To Net: NetName=GND Pin=U1-8
Added Pin To Net: NetName=GND Pin=U1-9
Added Pin To Net: NetName=GND Pin=U2-1
Added Net: Name=GND
Added Pin To Net: NetName=Net*_1 Pin=*-1
Added Pin To Net: NetName=Net*_1 Pin=C1-1
Added Pin To Net: NetName=Net*_1 Pin=IC1-1
Added Net: Name=Net*_1
Added Pin To Net: NetName=NetHD?_1 Pin=HD?-1
Added Pin To Net: NetName=NetHD?_1 Pin=U1-4
Added Net: Name=NetHD?_1
Added Pin To Net: NetName=NetHD?_2 Pin=HD?-2
Added Pin To Net: NetName=NetHD?_2 Pin=U1-5
Added Net: Name=NetHD?_2
Added Pin To Net: NetName=NetLED1_1 Pin=LED1-1
Added Pin To Net: NetName=NetLED1_1 Pin=R4-1
Added Net: Name=NetLED1_1
Added Pin To Net: NetName=SCL Pin=LCD-4
Added Pin To Net: NetName=SCL Pin=STM32-27
Added Net: Name=SCL
Added Pin To Net: NetName=SDA Pin=LCD-3
Added Pin To Net: NetName=SDA Pin=STM32-26
Added Net: Name=SDA
Added Class: Name=Sheet1
